
=== DOME-HUB PROTOCOL CHECK === Fri Apr 17 05:40:33 EDT 2026
--- Security ---
✅ Firewall ON
🔧 Firewall enabled
🔧 Stealth mode enabled
✅ FileVault ON
✅ SIP enabled
✅ Screen lock ON
✅ GPG key present
✅ Git signing ON
--- Network ---
✅ DNS private (dnscrypt-proxy)
🔧 dnscrypt-proxy started
--- Daemons ---
✅ No unauthorized launch agents
--- Code Quality ---
✅ Python imports clean
✅ TypeScript clean
--- Data Integrity ---
✅ SQLite DB present
✅ ChromaDB populated
--- Git ---
🔧 Auto-committed and pushed 9 changes
✅ Git up to date

=== SUMMARY ===
✅ Passed:  13
🔧 Fixed:   4
❌ Failed:  0

🟢 DOME-HUB PROTOCOLS: ALL GREEN
Log: /Users/gadikedoshim/DOME-HUB/logs/dome-check.log


=== DOME-HUB PROTOCOL CHECK === Fri Apr 17 06:00:00 EDT 2026
=== DOME-HUB PROTOCOL CHECK === Fri Apr 17 06:00:00 EDT 2026
--- Security ---
--- Security ---
✅ Firewall ON
✅ Firewall ON
🔧 Firewall enabled
🔧 Firewall enabled
🔧 Stealth mode enabled
🔧 Stealth mode enabled
✅ FileVault ON
✅ FileVault ON
✅ SIP enabled
✅ SIP enabled
✅ Screen lock ON
✅ Screen lock ON
✅ GPG key present
✅ GPG key present
✅ Git signing ON
✅ Git signing ON
--- Network ---
--- Network ---
🔧 DNS switched to 127.0.0.1
🔧 DNS switched to 127.0.0.1
🔧 dnscrypt-proxy started
🔧 dnscrypt-proxy started
--- Daemons ---
--- Daemons ---
✅ No unauthorized launch agents
✅ No unauthorized launch agents
--- Code Quality ---
--- Code Quality ---
✅ Python imports clean
✅ Python imports clean
✅ TypeScript clean
✅ TypeScript clean
--- Data Integrity ---
--- Data Integrity ---
✅ SQLite DB present
✅ SQLite DB present
✅ ChromaDB populated
✅ ChromaDB populated
--- Git ---
--- Git ---
